TN:
SF:/home/nugraha/TA/fareat/server/models/absent.js
FNF:0
FNH:0
DA:1,1
DA:2,1
DA:4,1
DA:33,1
DA:35,1
LF:5
LH:5
BRF:0
BRH:0
end_of_record
TN:
SF:/home/nugraha/TA/fareat/server/app.js
FN:29,(anonymous_1)
FN:38,(anonymous_2)
FN:39,(anonymous_3)
FNF:3
FNH:3
FNDA:1,(anonymous_1)
FNDA:1,(anonymous_2)
FNDA:1,(anonymous_3)
DA:1,1
DA:2,1
DA:3,1
DA:4,1
DA:5,1
DA:6,1
DA:7,1
DA:8,1
DA:9,1
DA:10,1
DA:13,1
DA:14,1
DA:15,1
DA:16,1
DA:17,1
DA:18,1
DA:20,1
DA:29,1
DA:30,1
DA:31,0
DA:33,1
DA:37,1
DA:39,1
DA:40,1
DA:41,1
DA:42,1
DA:43,0
DA:48,1
DA:49,1
DA:50,1
DA:51,1
DA:52,1
DA:54,1
DA:55,1
DA:56,1
DA:57,1
DA:58,1
DA:63,1
DA:65,1
DA:66,1
DA:69,0
DA:70,0
DA:76,1
LF:43
LH:39
BRDA:30,1,0,0
BRDA:30,1,1,1
BRDA:40,2,0,0
BRDA:40,2,1,1
BRDA:41,3,0,0
BRDA:41,3,1,1
BRDA:42,4,0,1
BRDA:42,4,1,0
BRDA:63,5,0,1
BRDA:63,5,1,0
BRF:10
BRH:5
end_of_record
TN:
SF:/home/nugraha/TA/fareat/server/config/config.js
FNF:0
FNH:0
DA:1,1
DA:2,1
DA:3,1
DA:12,1
LF:4
LH:4
BRDA:4,1,0,1
BRDA:4,1,1,1
BRF:2
BRH:2
end_of_record
TN:
SF:/home/nugraha/TA/fareat/server/routes/absents.js
FNF:0
FNH:0
DA:1,1
DA:2,1
DA:3,1
DA:6,1
DA:7,1
DA:8,1
DA:10,1
DA:11,1
DA:12,1
DA:13,1
DA:15,1
LF:11
LH:11
BRF:0
BRH:0
end_of_record
TN:
SF:/home/nugraha/TA/fareat/server/controllers/absents-cont.js
FN:57,(anonymous_1)
FN:167,(anonymous_2)
FN:176,(anonymous_3)
FNF:3
FNH:3
FNDA:4,(anonymous_1)
FNDA:3,(anonymous_2)
FNDA:2,(anonymous_3)
DA:1,1
DA:2,1
DA:4,1
DA:6,3
DA:11,3
DA:12,0
DA:13,3
DA:14,3
DA:15,3
DA:16,0
DA:17,0
DA:18,0
DA:20,0
DA:42,0
DA:43,0
DA:44,0
DA:46,0
DA:54,4
DA:58,4
DA:59,4
DA:61,0
DA:80,3
DA:84,3
DA:86,3
DA:88,0
DA:94,4
DA:111,4
DA:113,4
DA:114,4
DA:116,0
DA:117,0
DA:123,0
DA:125,0
DA:126,0
DA:127,0
DA:144,0
DA:150,0
DA:151,0
DA:153,0
DA:157,0
DA:163,3
DA:168,3
DA:169,3
DA:171,0
DA:176,2
DA:177,2
DA:178,2
DA:180,0
LF:48
LH:24
BRDA:11,1,0,0
BRDA:11,1,1,3
BRDA:13,2,0,3
BRDA:13,2,1,0
BRDA:16,3,0,0
BRDA:16,3,1,0
BRDA:42,4,0,0
BRDA:42,4,1,0
BRDA:58,5,0,4
BRDA:58,5,1,0
BRDA:84,6,0,3
BRDA:84,6,1,0
BRDA:96,7,0,4
BRDA:96,7,1,4
BRDA:97,8,0,4
BRDA:97,8,1,4
BRDA:98,9,0,4
BRDA:98,9,1,4
BRDA:99,10,0,4
BRDA:99,10,1,4
BRDA:100,11,0,4
BRDA:100,11,1,4
BRDA:101,12,0,4
BRDA:101,12,1,4
BRDA:102,13,0,4
BRDA:102,13,1,4
BRDA:103,14,0,4
BRDA:103,14,1,4
BRDA:104,15,0,4
BRDA:104,15,1,4
BRDA:105,16,0,4
BRDA:105,16,1,4
BRDA:106,17,0,4
BRDA:106,17,1,4
BRDA:107,18,0,4
BRDA:107,18,1,4
BRDA:108,19,0,4
BRDA:108,19,1,4
BRDA:109,20,0,4
BRDA:109,20,1,4
BRDA:113,21,0,4
BRDA:113,21,1,0
BRDA:125,22,0,0
BRDA:125,22,1,0
BRDA:129,23,0,0
BRDA:129,23,1,0
BRDA:130,24,0,0
BRDA:130,24,1,0
BRDA:131,25,0,0
BRDA:131,25,1,0
BRDA:132,26,0,0
BRDA:132,26,1,0
BRDA:133,27,0,0
BRDA:133,27,1,0
BRDA:134,28,0,0
BRDA:134,28,1,0
BRDA:135,29,0,0
BRDA:135,29,1,0
BRDA:136,30,0,0
BRDA:136,30,1,0
BRDA:137,31,0,0
BRDA:137,31,1,0
BRDA:138,32,0,0
BRDA:138,32,1,0
BRDA:139,33,0,0
BRDA:139,33,1,0
BRDA:140,34,0,0
BRDA:140,34,1,0
BRDA:141,35,0,0
BRDA:141,35,1,0
BRDA:142,36,0,0
BRDA:142,36,1,0
BRDA:150,37,0,0
BRDA:150,37,1,0
BRDA:168,38,0,3
BRDA:168,38,1,0
BRDA:177,39,0,2
BRDA:177,39,1,0
BRF:78
BRH:35
end_of_record
TN:
SF:/home/nugraha/TA/fareat/server/routes/students.js
FNF:0
FNH:0
DA:1,1
DA:2,1
DA:3,1
DA:6,1
DA:7,1
DA:8,1
DA:9,1
DA:10,1
DA:11,1
DA:12,1
DA:13,1
DA:16,1
LF:12
LH:12
BRF:0
BRH:0
end_of_record
TN:
SF:/home/nugraha/TA/fareat/server/controllers/students-cont.js
FN:30,(anonymous_1)
FN:87,(anonymous_2)
FNF:2
FNH:2
FNDA:3,(anonymous_1)
FNDA:4,(anonymous_2)
DA:1,1
DA:3,1
DA:5,4
DA:12,4
DA:13,4
DA:14,4
DA:16,0
DA:21,4
DA:22,4
DA:23,4
DA:25,0
DA:30,3
DA:31,3
DA:32,3
DA:34,0
DA:39,0
DA:40,0
DA:41,0
DA:43,0
DA:48,3
DA:49,3
DA:50,3
DA:52,0
DA:57,3
DA:58,3
DA:59,3
DA:61,0
DA:66,4
DA:67,4
DA:68,4
DA:72,4
DA:74,4
DA:75,4
DA:77,0
DA:81,0
DA:87,4
DA:88,4
DA:89,4
DA:91,0
LF:39
LH:27
BRDA:13,1,0,4
BRDA:13,1,1,0
BRDA:22,2,0,4
BRDA:22,2,1,0
BRDA:31,3,0,3
BRDA:31,3,1,0
BRDA:40,4,0,0
BRDA:40,4,1,0
BRDA:49,5,0,3
BRDA:49,5,1,0
BRDA:58,6,0,3
BRDA:58,6,1,0
BRDA:67,7,0,4
BRDA:67,7,1,0
BRDA:69,8,0,4
BRDA:69,8,1,0
BRDA:70,9,0,4
BRDA:70,9,1,0
BRDA:74,10,0,4
BRDA:74,10,1,0
BRDA:88,11,0,4
BRDA:88,11,1,0
BRF:22
BRH:10
end_of_record
TN:
SF:/home/nugraha/TA/fareat/server/models/student.js
FNF:0
FNH:0
DA:1,1
DA:2,1
DA:4,1
DA:20,1
DA:22,1
LF:5
LH:5
BRF:0
BRH:0
end_of_record
TN:
SF:/home/nugraha/TA/fareat/server/routes/users.js
FNF:0
FNH:0
DA:1,1
DA:2,1
DA:3,1
DA:4,1
DA:7,1
DA:8,1
DA:9,1
DA:10,1
DA:11,1
DA:12,1
DA:16,1
LF:11
LH:11
BRF:0
BRH:0
end_of_record
TN:
SF:/home/nugraha/TA/fareat/server/controllers/users-cont.js
FN:34,(anonymous_1)
FN:56,(anonymous_2)
FN:66,(anonymous_3)
FN:70,(anonymous_4)
FN:77,(anonymous_5)
FNF:5
FNH:4
FNDA:0,(anonymous_1)
FNDA:3,(anonymous_2)
FNDA:4,(anonymous_3)
FNDA:4,(anonymous_4)
FNDA:4,(anonymous_5)
DA:1,1
DA:2,1
DA:3,1
DA:4,1
DA:5,1
DA:7,1
DA:9,4
DA:16,4
DA:17,4
DA:18,4
DA:20,0
DA:25,1
DA:26,1
DA:27,1
DA:29,0
DA:34,0
DA:35,0
DA:36,0
DA:47,4
DA:48,4
DA:49,4
DA:51,0
DA:56,3
DA:57,3
DA:58,3
DA:60,0
DA:65,4
DA:66,4
DA:67,4
DA:68,4
DA:71,4
DA:77,4
DA:78,4
DA:79,4
DA:81,0
LF:35
LH:27
BRDA:17,1,0,4
BRDA:17,1,1,0
BRDA:26,2,0,1
BRDA:26,2,1,0
BRDA:35,3,0,0
BRDA:35,3,1,0
BRDA:48,4,0,4
BRDA:48,4,1,0
BRDA:57,5,0,3
BRDA:57,5,1,0
BRDA:69,6,0,4
BRDA:69,6,1,4
BRDA:69,7,0,4
BRDA:69,7,1,0
BRDA:71,8,0,0
BRDA:71,8,1,4
BRDA:78,9,0,4
BRDA:78,9,1,0
BRF:18
BRH:9
end_of_record
TN:
SF:/home/nugraha/TA/fareat/server/models/user.js
FNF:0
FNH:0
DA:1,1
DA:2,1
DA:4,1
DA:20,1
DA:22,1
LF:5
LH:5
BRF:0
BRH:0
end_of_record
TN:
SF:/home/nugraha/TA/fareat/server/routes/classList.js
FNF:0
FNH:0
DA:1,1
DA:2,1
DA:3,1
DA:6,1
DA:7,1
DA:8,1
DA:9,1
DA:10,1
DA:11,1
DA:14,1
LF:10
LH:10
BRF:0
BRH:0
end_of_record
TN:
SF:/home/nugraha/TA/fareat/server/controllers/classList-cont.js
FN:41,(anonymous_1)
FN:80,(anonymous_2)
FNF:2
FNH:2
FNDA:3,(anonymous_1)
FNDA:2,(anonymous_2)
DA:1,1
DA:3,1
DA:5,3
DA:10,3
DA:12,3
DA:13,3
DA:14,3
DA:16,0
DA:17,0
DA:18,0
DA:20,0
DA:21,0
DA:26,0
DA:27,0
DA:32,4
DA:33,4
DA:34,4
DA:36,0
DA:41,3
DA:42,3
DA:43,3
DA:45,0
DA:50,3
DA:51,3
DA:52,3
DA:54,0
DA:59,4
DA:60,4
DA:61,4
DA:65,4
DA:67,4
DA:68,4
DA:70,0
DA:74,0
DA:80,2
DA:81,2
DA:82,2
DA:84,0
LF:38
LH:25
BRDA:12,1,0,3
BRDA:12,1,1,0
BRDA:13,2,0,3
BRDA:13,2,1,0
BRDA:17,3,0,0
BRDA:17,3,1,0
BRDA:33,4,0,4
BRDA:33,4,1,0
BRDA:42,5,0,3
BRDA:42,5,1,0
BRDA:51,6,0,3
BRDA:51,6,1,0
BRDA:60,7,0,4
BRDA:60,7,1,0
BRDA:62,8,0,4
BRDA:62,8,1,4
BRDA:63,9,0,4
BRDA:63,9,1,4
BRDA:67,10,0,4
BRDA:67,10,1,0
BRDA:81,11,0,2
BRDA:81,11,1,0
BRF:22
BRH:12
end_of_record
TN:
SF:/home/nugraha/TA/fareat/server/models/classList.js
FNF:0
FNH:0
DA:1,1
DA:2,1
DA:4,1
DA:15,1
DA:17,1
LF:5
LH:5
BRF:0
BRH:0
end_of_record
TN:
SF:/home/nugraha/TA/fareat/server/routes/subjectList.js
FNF:0
FNH:0
DA:1,1
DA:2,1
DA:3,1
DA:6,1
DA:7,1
DA:8,1
DA:9,1
DA:10,1
DA:11,1
DA:14,1
LF:10
LH:10
BRF:0
BRH:0
end_of_record
TN:
SF:/home/nugraha/TA/fareat/server/controllers/subjectList-cont.js
FN:28,(anonymous_1)
FN:67,(anonymous_2)
FNF:2
FNH:2
FNDA:3,(anonymous_1)
FNDA:2,(anonymous_2)
DA:1,1
DA:3,1
DA:5,3
DA:10,3
DA:11,3
DA:12,3
DA:14,0
DA:19,4
DA:20,4
DA:21,4
DA:23,0
DA:28,3
DA:29,3
DA:30,3
DA:32,0
DA:37,3
DA:38,3
DA:39,3
DA:41,0
DA:46,4
DA:47,4
DA:48,4
DA:52,4
DA:54,4
DA:55,4
DA:57,0
DA:61,0
DA:67,2
DA:68,2
DA:69,2
DA:71,0
LF:31
LH:24
BRDA:11,1,0,3
BRDA:11,1,1,0
BRDA:20,2,0,4
BRDA:20,2,1,0
BRDA:29,3,0,3
BRDA:29,3,1,0
BRDA:38,4,0,3
BRDA:38,4,1,0
BRDA:47,5,0,4
BRDA:47,5,1,0
BRDA:49,6,0,4
BRDA:49,6,1,4
BRDA:50,7,0,4
BRDA:50,7,1,4
BRDA:54,8,0,4
BRDA:54,8,1,0
BRDA:68,9,0,2
BRDA:68,9,1,0
BRF:18
BRH:11
end_of_record
TN:
SF:/home/nugraha/TA/fareat/server/models/subjectList.js
FNF:0
FNH:0
DA:1,1
DA:2,1
DA:4,1
DA:15,1
DA:17,1
LF:5
LH:5
BRF:0
BRH:0
end_of_record
